<?xml version="1.0" encoding="UTF-8"?>
<!-- Generated by org.testng.reporters.JUnitReportReporter -->
<testsuite hostname="TYSS-Dhanush" failures="0" tests="1" name="ecom.datadrivenScript1" time="0.013" errors="0" timestamp="2023-09-07T17:42:37 IST" skipped="0">
  <testcase classname="ecom.datadrivenScript1" name="mam" time="0.013"/>
  <system-out/>
</testsuite> <!-- ecom.datadrivenScript1 -->
